<?xml version="1.0" encoding="UTF-8"?>
<testsuite xmlns:xsi="http://www.w3.org/2001/XMLSchema-instance" xsi:noNamespaceSchemaLocation="https://maven.apache.org/surefire/maven-surefire-plugin/xsd/surefire-test-report.xsd" version="3.0.2" name="com.example.demo.TestcontainersTest" time="12.057" tests="1" errors="0" skipped="0" failures="0">
  <properties>
[...]
</properties>
  <testcase name="canStartPostgresDB" classname="com.example.demo.TestcontainersTest" time="0.078">
    <system-out><![CDATA[17:34:52.451 [main] INFO org.testcontainers.images.PullPolicy -- Image pull policy will be performed by: DefaultPullPolicy()
17:34:52.455 [main] INFO org.testcontainers.utility.ImageNameSubstitutor -- Image name substitution will be performed by: DefaultImageNameSubstitutor (composite of 'ConfigurationFileImageNameSubstitutor' and 'PrefixingImageNameSubstitutor')
17:34:52.497 [main] INFO org.testcontainers.DockerClientFactory -- Testcontainers version: 1.20.6
17:34:52.983 [main] INFO org.testcontainers.dockerclient.DockerClientProviderStrategy -- Found Docker environment with local Unix socket (unix:///var/run/docker.sock)
17:34:52.992 [main] INFO org.testcontainers.DockerClientFactory -- Docker host IP address is localhost
17:34:53.008 [main] INFO org.testcontainers.DockerClientFactory -- Connected to docker: 
  Server Version: 26.1.3
  API Version: 1.45
  Operating System: Ubuntu 24.04.2 LTS
  Total Memory: 15989 MB
17:34:53.037 [main] INFO tc.testcontainers/ryuk:0.11.0 -- Pulling docker image: testcontainers/ryuk:0.11.0. Please be patient; this may take some time but only needs to be done once.
17:34:54.069 [docker-java-stream-897925489] INFO tc.testcontainers/ryuk:0.11.0 -- Starting to pull image
17:34:54.095 [docker-java-stream-897925489] INFO tc.testcontainers/ryuk:0.11.0 -- Pulling image layers:  0 pending,  0 downloaded,  0 extracted, (0 bytes/0 bytes)
17:34:54.611 [docker-java-stream-897925489] INFO tc.testcontainers/ryuk:0.11.0 -- Pulling image layers:  2 pending,  1 downloaded,  0 extracted, (80 KB/? MB)
17:34:54.638 [docker-java-stream-897925489] INFO tc.testcontainers/ryuk:0.11.0 -- Pulling image layers:  1 pending,  2 downloaded,  0 extracted, (116 KB/? MB)
17:34:54.695 [docker-java-stream-897925489] INFO tc.testcontainers/ryuk:0.11.0 -- Pulling image layers:  0 pending,  3 downloaded,  0 extracted, (6 MB/10 MB)
17:34:54.740 [docker-java-stream-897925489] INFO tc.testcontainers/ryuk:0.11.0 -- Pulling image layers:  0 pending,  3 downloaded,  1 extracted, (9 MB/10 MB)
17:34:54.963 [docker-java-stream-897925489] INFO tc.testcontainers/ryuk:0.11.0 -- Pulling image layers:  0 pending,  3 downloaded,  2 extracted, (10 MB/10 MB)
17:34:55.010 [docker-java-stream-897925489] INFO tc.testcontainers/ryuk:0.11.0 -- Pulling image layers:  0 pending,  3 downloaded,  3 extracted, (10 MB/10 MB)
17:34:55.016 [main] INFO tc.testcontainers/ryuk:0.11.0 -- Image testcontainers/ryuk:0.11.0 pull took PT1.978909601S
17:34:55.040 [main] INFO tc.testcontainers/ryuk:0.11.0 -- Creating container for image: testcontainers/ryuk:0.11.0
17:34:55.120 [main] INFO tc.testcontainers/ryuk:0.11.0 -- Container testcontainers/ryuk:0.11.0 is starting: 2e29be3e14f0649f0999b28da1c71834b17c105b0b91557ad35af7058b90eadc
17:34:55.380 [main] INFO tc.testcontainers/ryuk:0.11.0 -- Container testcontainers/ryuk:0.11.0 started in PT0.339868029S
17:34:55.384 [main] INFO org.testcontainers.utility.RyukResourceReaper -- Ryuk started - will monitor and terminate Testcontainers containers on JVM exit
17:34:55.384 [main] INFO org.testcontainers.DockerClientFactory -- Checking the system...
17:34:55.384 [main] INFO org.testcontainers.DockerClientFactory -- ✔︎ Docker server version should be at least 1.6.0
17:34:55.387 [main] INFO tc.postgres:latest -- Pulling docker image: postgres:latest. Please be patient; this may take some time but only needs to be done once.
17:34:56.405 [docker-java-stream--617583063] INFO tc.postgres:latest -- Starting to pull image
17:34:56.406 [docker-java-stream--617583063] INFO tc.postgres:latest -- Pulling image layers:  0 pending,  0 downloaded,  0 extracted, (0 bytes/0 bytes)
17:34:56.938 [docker-java-stream--617583063] INFO tc.postgres:latest -- Pulling image layers: 13 pending,  1 downloaded,  0 extracted, (292 KB/? MB)
17:34:57.100 [docker-java-stream--617583063] INFO tc.postgres:latest -- Pulling image layers: 12 pending,  2 downloaded,  0 extracted, (14 MB/? MB)
17:34:57.216 [docker-java-stream--617583063] INFO tc.postgres:latest -- Pulling image layers: 11 pending,  3 downloaded,  0 extracted, (23 MB/? MB)
17:34:57.347 [docker-java-stream--617583063] INFO tc.postgres:latest -- Pulling image layers: 10 pending,  4 downloaded,  0 extracted, (31 MB/? MB)
17:34:57.415 [docker-java-stream--617583063] INFO tc.postgres:latest -- Pulling image layers:  9 pending,  5 downloaded,  0 extracted, (31 MB/? MB)
17:34:57.514 [docker-java-stream--617583063] INFO tc.postgres:latest -- Pulling image layers:  8 pending,  6 downloaded,  0 extracted, (31 MB/? MB)
17:34:57.610 [docker-java-stream--617583063] INFO tc.postgres:latest -- Pulling image layers:  7 pending,  7 downloaded,  0 extracted, (31 MB/? MB)
17:34:57.682 [docker-java-stream--617583063] INFO tc.postgres:latest -- Pulling image layers:  6 pending,  8 downloaded,  0 extracted, (31 MB/? MB)
17:34:57.876 [docker-java-stream--617583063] INFO tc.postgres:latest -- Pulling image layers:  5 pending,  9 downloaded,  0 extracted, (31 MB/? MB)
17:34:57.946 [docker-java-stream--617583063] INFO tc.postgres:latest -- Pulling image layers:  4 pending, 10 downloaded,  0 extracted, (49 MB/? MB)
17:34:58.145 [docker-java-stream--617583063] INFO tc.postgres:latest -- Pulling image layers:  3 pending, 11 downloaded,  0 extracted, (71 MB/? MB)
17:34:58.220 [docker-java-stream--617583063] INFO tc.postgres:latest -- Pulling image layers:  2 pending, 12 downloaded,  0 extracted, (79 MB/? MB)
17:34:58.409 [docker-java-stream--617583063] INFO tc.postgres:latest -- Pulling image layers:  1 pending, 13 downloaded,  0 extracted, (85 MB/? MB)
17:34:58.464 [docker-java-stream--617583063] INFO tc.postgres:latest -- Pulling image layers:  1 pending, 13 downloaded,  1 extracted, (92 MB/? MB)
17:34:58.693 [docker-java-stream--617583063] INFO tc.postgres:latest -- Pulling image layers:  1 pending, 13 downloaded,  2 extracted, (115 MB/? MB)
17:34:58.855 [docker-java-stream--617583063] INFO tc.postgres:latest -- Pulling image layers:  1 pending, 13 downloaded,  3 extracted, (123 MB/? MB)
17:34:58.923 [docker-java-stream--617583063] INFO tc.postgres:latest -- Pulling image layers:  1 pending, 13 downloaded,  4 extracted, (130 MB/? MB)
17:34:58.987 [docker-java-stream--617583063] INFO tc.postgres:latest -- Pulling image layers:  0 pending, 14 downloaded,  4 extracted, (139 MB/149 MB)
17:34:59.237 [docker-java-stream--617583063] INFO tc.postgres:latest -- Pulling image layers:  0 pending, 14 downloaded,  5 extracted, (146 MB/149 MB)
17:34:59.336 [docker-java-stream--617583063] INFO tc.postgres:latest -- Pulling image layers:  0 pending, 14 downloaded,  6 extracted, (148 MB/149 MB)
17:34:59.349 [docker-java-stream--617583063] INFO tc.postgres:latest -- Pulling image layers:  0 pending, 14 downloaded,  7 extracted, (148 MB/149 MB)
17:34:59.364 [docker-java-stream--617583063] INFO tc.postgres:latest -- Pulling image layers:  0 pending, 14 downloaded,  8 extracted, (148 MB/149 MB)
17:35:02.311 [docker-java-stream--617583063] INFO tc.postgres:latest -- Pulling image layers:  0 pending, 14 downloaded,  9 extracted, (149 MB/149 MB)
17:35:02.329 [docker-java-stream--617583063] INFO tc.postgres:latest -- Pulling image layers:  0 pending, 14 downloaded, 10 extracted, (149 MB/149 MB)
17:35:02.340 [docker-java-stream--617583063] INFO tc.postgres:latest -- Pulling image layers:  0 pending, 14 downloaded, 11 extracted, (149 MB/149 MB)
17:35:02.358 [docker-java-stream--617583063] INFO tc.postgres:latest -- Pulling image layers:  0 pending, 14 downloaded, 12 extracted, (149 MB/149 MB)
17:35:02.370 [docker-java-stream--617583063] INFO tc.postgres:latest -- Pulling image layers:  0 pending, 14 downloaded, 13 extracted, (149 MB/149 MB)
17:35:02.383 [docker-java-stream--617583063] INFO tc.postgres:latest -- Pulling image layers:  0 pending, 14 downloaded, 14 extracted, (149 MB/149 MB)
17:35:02.391 [main] INFO tc.postgres:latest -- Image postgres:latest pull took PT7.004065521S
17:35:02.391 [docker-java-stream--617583063] INFO tc.postgres:latest -- Pull complete. 14 layers, pulled in 5s (downloaded 149 MB at 29 MB/s)
17:35:02.393 [main] INFO tc.postgres:latest -- Creating container for image: postgres:latest
17:35:02.410 [main] INFO tc.postgres:latest -- Container postgres:latest is starting: 4c952ffbba54f64cb7bff251c32a7774a1b2d61a014836f69705ae878302fcae
17:35:03.563 [main] INFO tc.postgres:latest -- Container postgres:latest started in PT1.169498725S
17:35:03.563 [main] INFO tc.postgres:latest -- Container is started (JDBC URL: jdbc:postgresql://localhost:32769/demo-dao-unit-test?loggerLevel=OFF)
17:35:03.997 [main] INFO org.flywaydb.core.FlywayExecutor -- Database: jdbc:postgresql://localhost:32769/demo-dao-unit-test?loggerLevel=OFF (PostgreSQL 17.4)
17:35:04.037 [main] INFO org.flywaydb.core.internal.schemahistory.JdbcTableSchemaHistory -- Schema history table "public"."flyway_schema_history" does not exist yet
17:35:04.040 [main] INFO org.flywaydb.core.internal.command.DbValidate -- Successfully validated 2 migrations (execution time 00:00.017s)
17:35:04.053 [main] INFO org.flywaydb.core.internal.schemahistory.JdbcTableSchemaHistory -- Creating Schema History table "public"."flyway_schema_history" ...
17:35:04.120 [main] INFO org.flywaydb.core.internal.command.DbMigrate -- Current version of schema "public": << Empty Schema >>
17:35:04.128 [main] INFO org.flywaydb.core.internal.command.DbMigrate -- Migrating schema "public" to version "1 - Initial Setup"
17:35:04.148 [main] INFO org.flywaydb.core.internal.command.DbMigrate -- Migrating schema "public" to version "2 - Make Email Column Unique"
17:35:04.159 [main] INFO org.flywaydb.core.internal.command.DbMigrate -- Successfully applied 2 migrations to schema "public", now at version v2 (execution time 00:00.009s)
]]></system-out>
  </testcase>
</testsuite>