<?xml version="1.0" encoding="UTF-8"?>
<testsuite xmlns:xsi="http://www.w3.org/2001/XMLSchema-instance" xsi:noNamespaceSchemaLocation="https://maven.apache.org/surefire/maven-surefire-plugin/xsd/surefire-test-report.xsd" version="3.0.2" name="com.example.demo.Customer.CustomerJDBCAccessServiceTest" time="1.978" tests="8" errors="0" skipped="0" failures="0">
  <properties>
[...]
</properties>
  <testcase name="selectAllCustomers" classname="com.example.demo.Customer.CustomerJDBCAccessServiceTest" time="0.246">
    <system-out><![CDATA[17:35:05.292 [main] INFO tc.postgres:latest -- Creating container for image: postgres:latest
17:35:05.325 [main] INFO tc.postgres:latest -- Container postgres:latest is starting: 298ff05e2ba5dbba792db4e603db419a85f8b7ef064c63d74de491bca7f39c73
17:35:06.516 [main] INFO tc.postgres:latest -- Container postgres:latest started in PT1.22444402S
17:35:06.517 [main] INFO tc.postgres:latest -- Container is started (JDBC URL: jdbc:postgresql://localhost:32770/demo-dao-unit-test?loggerLevel=OFF)
17:35:06.584 [main] INFO org.flywaydb.core.FlywayExecutor -- Database: jdbc:postgresql://localhost:32770/demo-dao-unit-test?loggerLevel=OFF (PostgreSQL 17.4)
17:35:06.597 [main] INFO org.flywaydb.core.internal.schemahistory.JdbcTableSchemaHistory -- Schema history table "public"."flyway_schema_history" does not exist yet
17:35:06.597 [main] INFO org.flywaydb.core.internal.command.DbValidate -- Successfully validated 2 migrations (execution time 00:00.004s)
17:35:06.606 [main] INFO org.flywaydb.core.internal.schemahistory.JdbcTableSchemaHistory -- Creating Schema History table "public"."flyway_schema_history" ...
17:35:06.632 [main] INFO org.flywaydb.core.internal.command.DbMigrate -- Current version of schema "public": << Empty Schema >>
17:35:06.636 [main] INFO org.flywaydb.core.internal.command.DbMigrate -- Migrating schema "public" to version "1 - Initial Setup"
17:35:06.649 [main] INFO org.flywaydb.core.internal.command.DbMigrate -- Migrating schema "public" to version "2 - Make Email Column Unique"
17:35:06.656 [main] INFO org.flywaydb.core.internal.command.DbMigrate -- Successfully applied 2 migrations to schema "public", now at version v2 (execution time 00:00.007s)
17:35:06.848 [main] INFO com.zaxxer.hikari.HikariDataSource -- HikariPool-1 - Starting...
17:35:06.873 [main] INFO com.zaxxer.hikari.pool.HikariPool -- HikariPool-1 - Added connection org.postgresql.jdbc.PgConnection@1f7557fe
17:35:06.875 [main] INFO com.zaxxer.hikari.HikariDataSource -- HikariPool-1 - Start completed.
1
]]></system-out>
  </testcase>
  <testcase name="existsCustomerWithEmail" classname="com.example.demo.Customer.CustomerJDBCAccessServiceTest" time="0.016">
    <system-out><![CDATA[17:35:06.912 [main] INFO com.zaxxer.hikari.HikariDataSource -- HikariPool-2 - Starting...
17:35:06.922 [main] INFO com.zaxxer.hikari.pool.HikariPool -- HikariPool-2 - Added connection org.postgresql.jdbc.PgConnection@c85486
17:35:06.922 [main] INFO com.zaxxer.hikari.HikariDataSource -- HikariPool-2 - Start completed.
1
]]></system-out>
  </testcase>
  <testcase name="deleteCustomerById" classname="com.example.demo.Customer.CustomerJDBCAccessServiceTest" time="0.016">
    <system-out><![CDATA[17:35:06.929 [main] INFO com.zaxxer.hikari.HikariDataSource -- HikariPool-3 - Starting...
17:35:06.939 [main] INFO com.zaxxer.hikari.pool.HikariPool -- HikariPool-3 - Added connection org.postgresql.jdbc.PgConnection@1bb51492
17:35:06.939 [main] INFO com.zaxxer.hikari.HikariDataSource -- HikariPool-3 - Start completed.
1
]]></system-out>
  </testcase>
  <testcase name="existsCustomerByid" classname="com.example.demo.Customer.CustomerJDBCAccessServiceTest" time="0.016">
    <system-out><![CDATA[17:35:06.947 [main] INFO com.zaxxer.hikari.HikariDataSource -- HikariPool-4 - Starting...
17:35:06.958 [main] INFO com.zaxxer.hikari.pool.HikariPool -- HikariPool-4 - Added connection org.postgresql.jdbc.PgConnection@14c18a6a
17:35:06.958 [main] INFO com.zaxxer.hikari.HikariDataSource -- HikariPool-4 - Start completed.
1
]]></system-out>
  </testcase>
  <testcase name="updateCustomer" classname="com.example.demo.Customer.CustomerJDBCAccessServiceTest" time="0.025">
    <system-out><![CDATA[17:35:06.965 [main] INFO com.zaxxer.hikari.HikariDataSource -- HikariPool-5 - Starting...
17:35:06.976 [main] INFO com.zaxxer.hikari.pool.HikariPool -- HikariPool-5 - Added connection org.postgresql.jdbc.PgConnection@6636448b
17:35:06.976 [main] INFO com.zaxxer.hikari.HikariDataSource -- HikariPool-5 - Start completed.
1
]]></system-out>
  </testcase>
  <testcase name="selectCustomerById" classname="com.example.demo.Customer.CustomerJDBCAccessServiceTest" time="0.025">
    <system-out><![CDATA[17:35:06.991 [main] INFO com.zaxxer.hikari.HikariDataSource -- HikariPool-6 - Starting...
17:35:07.005 [main] INFO com.zaxxer.hikari.pool.HikariPool -- HikariPool-6 - Added connection org.postgresql.jdbc.PgConnection@6b43b101
17:35:07.005 [main] INFO com.zaxxer.hikari.HikariDataSource -- HikariPool-6 - Start completed.
1
]]></system-out>
  </testcase>
  <testcase name="willReturnEmptyWhenSelectCustomerById" classname="com.example.demo.Customer.CustomerJDBCAccessServiceTest" time="0.023">
    <system-out><![CDATA[17:35:07.019 [main] INFO com.zaxxer.hikari.HikariDataSource -- HikariPool-7 - Starting...
17:35:07.031 [main] INFO com.zaxxer.hikari.pool.HikariPool -- HikariPool-7 - Added connection org.postgresql.jdbc.PgConnection@6054ac20
17:35:07.031 [main] INFO com.zaxxer.hikari.HikariDataSource -- HikariPool-7 - Start completed.
1
]]></system-out>
  </testcase>
  <testcase name="insertCustomer" classname="com.example.demo.Customer.CustomerJDBCAccessServiceTest" time="0.018">
    <system-out><![CDATA[17:35:07.041 [main] INFO com.zaxxer.hikari.HikariDataSource -- HikariPool-8 - Starting...
17:35:07.054 [main] INFO com.zaxxer.hikari.pool.HikariPool -- HikariPool-8 - Added connection org.postgresql.jdbc.PgConnection@7535307c
17:35:07.054 [main] INFO com.zaxxer.hikari.HikariDataSource -- HikariPool-8 - Start completed.
1
]]></system-out>
  </testcase>
</testsuite>