<?xml version="1.0" encoding="UTF-8"?>
<testsuite xmlns:xsi="http://www.w3.org/2001/XMLSchema-instance" xsi:noNamespaceSchemaLocation="https://maven.apache.org/surefire/maven-surefire-plugin/xsd/surefire-test-report.xsd" version="3.0.2" name="com.example.demo.Customer.CustomerJDBCAccessServiceTest" time="10.747" tests="8" errors="0" skipped="0" failures="0">
  <properties>
[...]
</properties>
  <testcase name="selectAllCustomers" classname="com.example.demo.Customer.CustomerJDBCAccessServiceTest" time="0.287">
    <system-out><![CDATA[06:56:54.764 [main] INFO org.testcontainers.images.PullPolicy -- Image pull policy will be performed by: DefaultPullPolicy()
06:56:54.768 [main] INFO org.testcontainers.utility.ImageNameSubstitutor -- Image name substitution will be performed by: DefaultImageNameSubstitutor (composite of 'ConfigurationFileImageNameSubstitutor' and 'PrefixingImageNameSubstitutor')
06:56:54.803 [main] INFO org.testcontainers.DockerClientFactory -- Testcontainers version: 1.20.6
06:56:55.474 [main] INFO org.testcontainers.dockerclient.DockerClientProviderStrategy -- Found Docker environment with local Unix socket (unix:///var/run/docker.sock)
06:56:55.484 [main] INFO org.testcontainers.DockerClientFactory -- Docker host IP address is localhost
06:56:55.500 [main] INFO org.testcontainers.DockerClientFactory -- Connected to docker: 
  Server Version: 28.0.4
  API Version: 1.48
  Operating System: Ubuntu 24.04.2 LTS
  Total Memory: 15989 MB
06:56:55.528 [main] INFO tc.testcontainers/ryuk:0.11.0 -- Pulling docker image: testcontainers/ryuk:0.11.0. Please be patient; this may take some time but only needs to be done once.
06:56:55.950 [docker-java-stream-897925489] INFO tc.testcontainers/ryuk:0.11.0 -- Starting to pull image
06:56:55.979 [docker-java-stream-897925489] INFO tc.testcontainers/ryuk:0.11.0 -- Pulling image layers:  0 pending,  0 downloaded,  0 extracted, (0 bytes/0 bytes)
06:56:56.180 [docker-java-stream-897925489] INFO tc.testcontainers/ryuk:0.11.0 -- Pulling image layers:  2 pending,  1 downloaded,  0 extracted, (116 KB/? MB)
06:56:56.188 [docker-java-stream-897925489] INFO tc.testcontainers/ryuk:0.11.0 -- Pulling image layers:  1 pending,  2 downloaded,  0 extracted, (116 KB/? MB)
06:56:56.225 [docker-java-stream-897925489] INFO tc.testcontainers/ryuk:0.11.0 -- Pulling image layers:  0 pending,  3 downloaded,  0 extracted, (144 KB/10 MB)
06:56:56.294 [docker-java-stream-897925489] INFO tc.testcontainers/ryuk:0.11.0 -- Pulling image layers:  0 pending,  3 downloaded,  1 extracted, (3 MB/10 MB)
06:56:56.891 [docker-java-stream-897925489] INFO tc.testcontainers/ryuk:0.11.0 -- Pulling image layers:  0 pending,  3 downloaded,  2 extracted, (4 MB/10 MB)
06:56:56.932 [docker-java-stream-897925489] INFO tc.testcontainers/ryuk:0.11.0 -- Pulling image layers:  0 pending,  3 downloaded,  3 extracted, (10 MB/10 MB)
06:56:56.939 [main] INFO tc.testcontainers/ryuk:0.11.0 -- Image testcontainers/ryuk:0.11.0 pull took PT1.410976854S
06:56:56.956 [main] INFO tc.testcontainers/ryuk:0.11.0 -- Creating container for image: testcontainers/ryuk:0.11.0
06:56:57.019 [main] INFO tc.testcontainers/ryuk:0.11.0 -- Container testcontainers/ryuk:0.11.0 is starting: ee1b8a16cda7b3458b2770f55cea454cd19d40d6f5698b406c19d218e1eeebef
06:56:57.212 [main] INFO tc.testcontainers/ryuk:0.11.0 -- Container testcontainers/ryuk:0.11.0 started in PT0.255673923S
06:56:57.221 [main] INFO org.testcontainers.utility.RyukResourceReaper -- Ryuk started - will monitor and terminate Testcontainers containers on JVM exit
06:56:57.221 [main] INFO org.testcontainers.DockerClientFactory -- Checking the system...
06:56:57.221 [main] INFO org.testcontainers.DockerClientFactory -- ✔︎ Docker server version should be at least 1.6.0
06:56:57.224 [main] INFO tc.postgres:latest -- Pulling docker image: postgres:latest. Please be patient; this may take some time but only needs to be done once.
06:56:57.610 [docker-java-stream--617583063] INFO tc.postgres:latest -- Starting to pull image
06:56:57.610 [docker-java-stream--617583063] INFO tc.postgres:latest -- Pulling image layers:  0 pending,  0 downloaded,  0 extracted, (0 bytes/0 bytes)
06:56:57.826 [docker-java-stream--617583063] INFO tc.postgres:latest -- Pulling image layers: 13 pending,  1 downloaded,  0 extracted, (45 KB/? MB)
06:56:57.838 [docker-java-stream--617583063] INFO tc.postgres:latest -- Pulling image layers: 12 pending,  2 downloaded,  0 extracted, (4 MB/? MB)
06:56:57.925 [docker-java-stream--617583063] INFO tc.postgres:latest -- Pulling image layers: 11 pending,  3 downloaded,  0 extracted, (4 MB/? MB)
06:56:57.946 [docker-java-stream--617583063] INFO tc.postgres:latest -- Pulling image layers: 10 pending,  4 downloaded,  0 extracted, (6 MB/? MB)
06:56:57.967 [docker-java-stream--617583063] INFO tc.postgres:latest -- Pulling image layers:  9 pending,  5 downloaded,  0 extracted, (6 MB/? MB)
06:56:58.037 [docker-java-stream--617583063] INFO tc.postgres:latest -- Pulling image layers:  8 pending,  6 downloaded,  0 extracted, (7 MB/? MB)
06:56:58.055 [docker-java-stream--617583063] INFO tc.postgres:latest -- Pulling image layers:  7 pending,  7 downloaded,  0 extracted, (7 MB/? MB)
06:56:58.078 [docker-java-stream--617583063] INFO tc.postgres:latest -- Pulling image layers:  6 pending,  8 downloaded,  0 extracted, (12 MB/? MB)
06:56:58.156 [docker-java-stream--617583063] INFO tc.postgres:latest -- Pulling image layers:  5 pending,  9 downloaded,  0 extracted, (13 MB/? MB)
06:56:58.181 [docker-java-stream--617583063] INFO tc.postgres:latest -- Pulling image layers:  4 pending, 10 downloaded,  0 extracted, (16 MB/? MB)
06:56:58.265 [docker-java-stream--617583063] INFO tc.postgres:latest -- Pulling image layers:  3 pending, 11 downloaded,  0 extracted, (40 MB/? MB)
06:56:58.278 [docker-java-stream--617583063] INFO tc.postgres:latest -- Pulling image layers:  2 pending, 12 downloaded,  0 extracted, (43 MB/? MB)
06:56:58.366 [docker-java-stream--617583063] INFO tc.postgres:latest -- Pulling image layers:  1 pending, 13 downloaded,  0 extracted, (72 MB/? MB)
06:56:58.546 [docker-java-stream--617583063] INFO tc.postgres:latest -- Pulling image layers:  0 pending, 14 downloaded,  0 extracted, (108 MB/149 MB)
06:56:59.076 [docker-java-stream--617583063] INFO tc.postgres:latest -- Pulling image layers:  0 pending, 14 downloaded,  1 extracted, (116 MB/149 MB)
06:56:59.363 [docker-java-stream--617583063] INFO tc.postgres:latest -- Pulling image layers:  0 pending, 14 downloaded,  2 extracted, (116 MB/149 MB)
06:56:59.505 [docker-java-stream--617583063] INFO tc.postgres:latest -- Pulling image layers:  0 pending, 14 downloaded,  3 extracted, (116 MB/149 MB)
06:56:59.553 [docker-java-stream--617583063] INFO tc.postgres:latest -- Pulling image layers:  0 pending, 14 downloaded,  4 extracted, (116 MB/149 MB)
06:56:59.863 [docker-java-stream--617583063] INFO tc.postgres:latest -- Pulling image layers:  0 pending, 14 downloaded,  5 extracted, (124 MB/149 MB)
06:56:59.950 [docker-java-stream--617583063] INFO tc.postgres:latest -- Pulling image layers:  0 pending, 14 downloaded,  6 extracted, (124 MB/149 MB)
06:56:59.960 [docker-java-stream--617583063] INFO tc.postgres:latest -- Pulling image layers:  0 pending, 14 downloaded,  7 extracted, (124 MB/149 MB)
06:56:59.975 [docker-java-stream--617583063] INFO tc.postgres:latest -- Pulling image layers:  0 pending, 14 downloaded,  8 extracted, (124 MB/149 MB)
06:57:02.885 [docker-java-stream--617583063] INFO tc.postgres:latest -- Pulling image layers:  0 pending, 14 downloaded,  9 extracted, (149 MB/149 MB)
06:57:02.902 [docker-java-stream--617583063] INFO tc.postgres:latest -- Pulling image layers:  0 pending, 14 downloaded, 10 extracted, (149 MB/149 MB)
06:57:02.919 [docker-java-stream--617583063] INFO tc.postgres:latest -- Pulling image layers:  0 pending, 14 downloaded, 11 extracted, (149 MB/149 MB)
06:57:02.931 [docker-java-stream--617583063] INFO tc.postgres:latest -- Pulling image layers:  0 pending, 14 downloaded, 12 extracted, (149 MB/149 MB)
06:57:02.946 [docker-java-stream--617583063] INFO tc.postgres:latest -- Pulling image layers:  0 pending, 14 downloaded, 13 extracted, (149 MB/149 MB)
06:57:02.960 [docker-java-stream--617583063] INFO tc.postgres:latest -- Pulling image layers:  0 pending, 14 downloaded, 14 extracted, (149 MB/149 MB)
06:57:02.967 [docker-java-stream--617583063] INFO tc.postgres:latest -- Pull complete. 14 layers, pulled in 5s (downloaded 149 MB at 29 MB/s)
06:57:02.967 [main] INFO tc.postgres:latest -- Image postgres:latest pull took PT5.743627493S
06:57:02.970 [main] INFO tc.postgres:latest -- Creating container for image: postgres:latest
06:57:02.990 [main] INFO tc.postgres:latest -- Container postgres:latest is starting: 3292cad0cd11776098bbb308b56ddb2c4fed872bcfb7a9deb9c4c8c88c7c092a
06:57:04.095 [main] INFO tc.postgres:latest -- Container postgres:latest started in PT1.124553461S
06:57:04.095 [main] INFO tc.postgres:latest -- Container is started (JDBC URL: jdbc:postgresql://localhost:32769/demo-dao-unit-test?loggerLevel=OFF)
06:57:04.559 [main] INFO org.flywaydb.core.FlywayExecutor -- Database: jdbc:postgresql://localhost:32769/demo-dao-unit-test?loggerLevel=OFF (PostgreSQL 17.4)
06:57:04.598 [main] INFO org.flywaydb.core.internal.schemahistory.JdbcTableSchemaHistory -- Schema history table "public"."flyway_schema_history" does not exist yet
06:57:04.600 [main] INFO org.flywaydb.core.internal.command.DbValidate -- Successfully validated 2 migrations (execution time 00:00.016s)
06:57:04.613 [main] INFO org.flywaydb.core.internal.schemahistory.JdbcTableSchemaHistory -- Creating Schema History table "public"."flyway_schema_history" ...
06:57:04.679 [main] INFO org.flywaydb.core.internal.command.DbMigrate -- Current version of schema "public": << Empty Schema >>
06:57:04.688 [main] INFO org.flywaydb.core.internal.command.DbMigrate -- Migrating schema "public" to version "1 - Initial Setup"
06:57:04.713 [main] INFO org.flywaydb.core.internal.command.DbMigrate -- Migrating schema "public" to version "2 - Make Email Column Unique"
06:57:04.724 [main] INFO org.flywaydb.core.internal.command.DbMigrate -- Successfully applied 2 migrations to schema "public", now at version v2 (execution time 00:00.011s)
06:57:04.932 [main] INFO com.zaxxer.hikari.HikariDataSource -- HikariPool-1 - Starting...
06:57:04.986 [main] INFO com.zaxxer.hikari.pool.HikariPool -- HikariPool-1 - Added connection org.postgresql.jdbc.PgConnection@48cd8e71
06:57:04.987 [main] INFO com.zaxxer.hikari.HikariDataSource -- HikariPool-1 - Start completed.
1
]]></system-out>
  </testcase>
  <testcase name="existsCustomerWithEmail" classname="com.example.demo.Customer.CustomerJDBCAccessServiceTest" time="0.016">
    <system-out><![CDATA[06:57:05.022 [main] INFO com.zaxxer.hikari.HikariDataSource -- HikariPool-2 - Starting...
06:57:05.033 [main] INFO com.zaxxer.hikari.pool.HikariPool -- HikariPool-2 - Added connection org.postgresql.jdbc.PgConnection@f1e1d66
06:57:05.033 [main] INFO com.zaxxer.hikari.HikariDataSource -- HikariPool-2 - Start completed.
1
]]></system-out>
  </testcase>
  <testcase name="deleteCustomerById" classname="com.example.demo.Customer.CustomerJDBCAccessServiceTest" time="0.017">
    <system-out><![CDATA[06:57:05.041 [main] INFO com.zaxxer.hikari.HikariDataSource -- HikariPool-3 - Starting...
06:57:05.052 [main] INFO com.zaxxer.hikari.pool.HikariPool -- HikariPool-3 - Added connection org.postgresql.jdbc.PgConnection@21be80f6
06:57:05.052 [main] INFO com.zaxxer.hikari.HikariDataSource -- HikariPool-3 - Start completed.
1
]]></system-out>
  </testcase>
  <testcase name="existsCustomerByid" classname="com.example.demo.Customer.CustomerJDBCAccessServiceTest" time="0.018">
    <system-out><![CDATA[06:57:05.060 [main] INFO com.zaxxer.hikari.HikariDataSource -- HikariPool-4 - Starting...
06:57:05.072 [main] INFO com.zaxxer.hikari.pool.HikariPool -- HikariPool-4 - Added connection org.postgresql.jdbc.PgConnection@4d7f9b33
06:57:05.073 [main] INFO com.zaxxer.hikari.HikariDataSource -- HikariPool-4 - Start completed.
1
]]></system-out>
  </testcase>
  <testcase name="updateCustomer" classname="com.example.demo.Customer.CustomerJDBCAccessServiceTest" time="0.018">
    <system-out><![CDATA[06:57:05.078 [main] INFO com.zaxxer.hikari.HikariDataSource -- HikariPool-5 - Starting...
06:57:05.089 [main] INFO com.zaxxer.hikari.pool.HikariPool -- HikariPool-5 - Added connection org.postgresql.jdbc.PgConnection@20923380
06:57:05.089 [main] INFO com.zaxxer.hikari.HikariDataSource -- HikariPool-5 - Start completed.
1
]]></system-out>
  </testcase>
  <testcase name="selectCustomerById" classname="com.example.demo.Customer.CustomerJDBCAccessServiceTest" time="0.028">
    <system-out><![CDATA[06:57:05.098 [main] INFO com.zaxxer.hikari.HikariDataSource -- HikariPool-6 - Starting...
06:57:05.110 [main] INFO com.zaxxer.hikari.pool.HikariPool -- HikariPool-6 - Added connection org.postgresql.jdbc.PgConnection@36f80ceb
06:57:05.110 [main] INFO com.zaxxer.hikari.HikariDataSource -- HikariPool-6 - Start completed.
1
]]></system-out>
  </testcase>
  <testcase name="willReturnEmptyWhenSelectCustomerById" classname="com.example.demo.Customer.CustomerJDBCAccessServiceTest" time="0.025">
    <system-out><![CDATA[06:57:05.126 [main] INFO com.zaxxer.hikari.HikariDataSource -- HikariPool-7 - Starting...
06:57:05.144 [main] INFO com.zaxxer.hikari.pool.HikariPool -- HikariPool-7 - Added connection org.postgresql.jdbc.PgConnection@311453ab
06:57:05.144 [main] INFO com.zaxxer.hikari.HikariDataSource -- HikariPool-7 - Start completed.
1
]]></system-out>
  </testcase>
  <testcase name="insertCustomer" classname="com.example.demo.Customer.CustomerJDBCAccessServiceTest" time="0.026">
    <system-out><![CDATA[06:57:05.155 [main] INFO com.zaxxer.hikari.HikariDataSource -- HikariPool-8 - Starting...
06:57:05.171 [main] INFO com.zaxxer.hikari.pool.HikariPool -- HikariPool-8 - Added connection org.postgresql.jdbc.PgConnection@6d38a81d
06:57:05.172 [main] INFO com.zaxxer.hikari.HikariDataSource -- HikariPool-8 - Start completed.
1
]]></system-out>
  </testcase>
</testsuite>